<?xml version="1.0" encoding="UTF-8"?>
<testng-results ignored="0" total="1" passed="1" failed="0" skipped="0">
  <reporter-output>
  </reporter-output>
  <suite started-at="2023-06-24T16:12:39 IST" name="Default suite" finished-at="2023-06-24T16:12:56 IST" duration-ms="17361">
    <groups>
    </groups>
    <test started-at="2023-06-24T16:12:39 IST" name="Default test" finished-at="2023-06-24T16:12:56 IST" duration-ms="17361">
      <class name="TestScripts.SignUpTest">
        <test-method is-config="true" signature="beforeSuit()[pri:0, instance:TestScripts.SignUpTest@5ba3f27a]" started-at="2023-06-24T16:12:38 IST" name="beforeSuit" finished-at="2023-06-24T16:12:39 IST" duration-ms="401" status="PASS">
          <reporter-output>
          </reporter-output>
        </test-method> <!-- beforeSuit -->
        <test-method is-config="true" signature="browserSetUP()[pri:0, instance:TestScripts.SignUpTest@5ba3f27a]" started-at="2023-06-24T16:12:39 IST" name="browserSetUP" finished-at="2023-06-24T16:12:46 IST" duration-ms="6993" status="PASS">
          <reporter-output>
          </reporter-output>
        </test-method> <!-- browserSetUP -->
        <test-method signature="signUp(java.lang.String,java.lang.String,java.lang.String,java.lang.String,java.lang.String,java.lang.String)[pri:0, instance:TestScripts.SignUpTest@5ba3f27a]" started-at="2023-06-24T16:12:47 IST" name="signUp" data-provider="SignUpdata" finished-at="2023-06-24T16:12:56 IST" duration-ms="8270" status="PASS">
          <params>
            <param index="0">
              <value>
                <![CDATA[nandanm@gmail.com]]>
              </value>
            </param>
            <param index="1">
              <value>
                <![CDATA[9.113219488E9]]>
              </value>
            </param>
            <param index="2">
              <value>
                <![CDATA[abcd@1234]]>
              </value>
            </param>
            <param index="3">
              <value>
                <![CDATA[Mr.]]>
              </value>
            </param>
            <param index="4">
              <value>
                <![CDATA[Nandan]]>
              </value>
            </param>
            <param index="5">
              <value>
                <![CDATA[M S]]>
              </value>
            </param>
          </params>
          <reporter-output>
          </reporter-output>
        </test-method> <!-- signUp -->
        <test-method is-config="true" signature="browserTermination()[pri:0, instance:TestScripts.SignUpTest@5ba3f27a]" started-at="2023-06-24T16:12:56 IST" name="browserTermination" finished-at="2023-06-24T16:12:56 IST" duration-ms="368" status="PASS">
          <reporter-output>
          </reporter-output>
        </test-method> <!-- browserTermination -->
        <test-method is-config="true" signature="afterSuit()[pri:0, instance:TestScripts.SignUpTest@5ba3f27a]" started-at="2023-06-24T16:12:56 IST" name="afterSuit" finished-at="2023-06-24T16:12:57 IST" duration-ms="602" status="PASS">
          <reporter-output>
          </reporter-output>
        </test-method> <!-- afterSuit -->
      </class> <!-- TestScripts.SignUpTest -->
    </test> <!-- Default test -->
  </suite> <!-- Default suite -->
</testng-results>
